<?xml version="1.0" encoding="UTF-8"?>
<testsuite xmlns:xsi="http://www.w3.org/2001/XMLSchema-instance" xsi:noNamespaceSchemaLocation="https://maven.apache.org/surefire/maven-surefire-plugin/xsd/surefire-test-report.xsd" name="PixelPioneers.ModelTest" time="0.833" tests="5" errors="0" skipped="0" failures="1">
  <properties>
    <property name="sun.desktop" value="windows"/>
    <property name="awt.toolkit" value="sun.awt.windows.WToolkit"/>
    <property name="java.specification.version" value="11"/>
    <property name="sun.cpu.isalist" value="amd64"/>
    <property name="sun.jnu.encoding" value="Cp1252"/>
    <property name="java.class.path" value="C:\Users\garap\OneDrive\Desktop\CMPT 276\CMPT276F23_group1-main\CMPT276F23_group1-main\target\test-classes;C:\Users\garap\OneDrive\Desktop\CMPT 276\CMPT276F23_group1-main\CMPT276F23_group1-main\target\classes;C:\Users\garap\.m2\repository\junit\junit\4.11\junit-4.11.jar;C:\Users\garap\.m2\repository\org\hamcrest\hamcrest-core\1.3\hamcrest-core-1.3.jar;"/>
    <property name="java.vm.vendor" value="Oracle Corporation"/>
    <property name="sun.arch.data.model" value="64"/>
    <property name="user.variant" value=""/>
    <property name="java.vendor.url" value="https://openjdk.java.net/"/>
    <property name="user.timezone" value="America/Los_Angeles"/>
    <property name="java.vm.specification.version" value="11"/>
    <property name="os.name" value="Windows 11"/>
    <property name="sun.java.launcher" value="SUN_STANDARD"/>
    <property name="user.country" value="IN"/>
    <property name="sun.boot.library.path" value="C:\Program Files\Java\jdk-11.0.15.1\bin"/>
    <property name="sun.java.command" value="C:\Users\garap\AppData\Local\Temp\surefire3357443880150352441\surefirebooter5818654276505494080.jar C:\Users\garap\AppData\Local\Temp\surefire3357443880150352441 2023-11-26T01-46-59_062-jvmRun1 surefire1357565996346355628tmp surefire_02763124230612245142tmp"/>
    <property name="jdk.debug" value="release"/>
    <property name="surefire.test.class.path" value="C:\Users\garap\OneDrive\Desktop\CMPT 276\CMPT276F23_group1-main\CMPT276F23_group1-main\target\test-classes;C:\Users\garap\OneDrive\Desktop\CMPT 276\CMPT276F23_group1-main\CMPT276F23_group1-main\target\classes;C:\Users\garap\.m2\repository\junit\junit\4.11\junit-4.11.jar;C:\Users\garap\.m2\repository\org\hamcrest\hamcrest-core\1.3\hamcrest-core-1.3.jar;"/>
    <property name="sun.cpu.endian" value="little"/>
    <property name="user.home" value="C:\Users\garap"/>
    <property name="user.language" value="en"/>
    <property name="java.specification.vendor" value="Oracle Corporation"/>
    <property name="java.version.date" value="2022-04-22"/>
    <property name="java.home" value="C:\Program Files\Java\jdk-11.0.15.1"/>
    <property name="file.separator" value="\"/>
    <property name="basedir" value="C:\Users\garap\OneDrive\Desktop\CMPT 276\CMPT276F23_group1-main\CMPT276F23_group1-main"/>
    <property name="java.vm.compressedOopsMode" value="Zero based"/>
    <property name="line.separator" value="&#10;"/>
    <property name="java.specification.name" value="Java Platform API Specification"/>
    <property name="java.vm.specification.vendor" value="Oracle Corporation"/>
    <property name="java.awt.graphicsenv" value="sun.awt.Win32GraphicsEnvironment"/>
    <property name="surefire.real.class.path" value="C:\Users\garap\AppData\Local\Temp\surefire3357443880150352441\surefirebooter5818654276505494080.jar"/>
    <property name="user.script" value=""/>
    <property name="sun.management.compiler" value="HotSpot 64-Bit Tiered Compilers"/>
    <property name="java.runtime.version" value="11.0.15.1+2-LTS-10"/>
    <property name="user.name" value="garap"/>
    <property name="path.separator" value=";"/>
    <property name="os.version" value="10.0"/>
    <property name="java.runtime.name" value="Java(TM) SE Runtime Environment"/>
    <property name="file.encoding" value="Cp1252"/>
    <property name="java.vm.name" value="Java HotSpot(TM) 64-Bit Server VM"/>
    <property name="java.vendor.version" value="18.9"/>
    <property name="localRepository" value="C:\Users\garap\.m2\repository"/>
    <property name="java.vendor.url.bug" value="https://bugreport.java.com/bugreport/"/>
    <property name="java.io.tmpdir" value="C:\Users\garap\AppData\Local\Temp\"/>
    <property name="java.version" value="11.0.15.1"/>
    <property name="user.dir" value="C:\Users\garap\OneDrive\Desktop\CMPT 276\CMPT276F23_group1-main\CMPT276F23_group1-main"/>
    <property name="os.arch" value="amd64"/>
    <property name="java.vm.specification.name" value="Java Virtual Machine Specification"/>
    <property name="java.awt.printerjob" value="sun.awt.windows.WPrinterJob"/>
    <property name="sun.os.patch.level" value=""/>
    <property name="java.library.path" value="C:\Program Files\Java\jdk-11.0.15.1\bin;C:\WINDOWS\Sun\Java\bin;C:\WINDOWS\system32;C:\WINDOWS;C:\Program Files\Common Files\Oracle\Java\javapath;C:\Program Files (x86)\Common Files\Oracle\Java\javapath;C:\Windows\system32;C:\Windows;C:\Windows\System32\Wbem;C:\Windows\System32\WindowsPowerShell\v1.0\;C:\Windows\System32\OpenSSH\;C:\Program Files (x86)\NVIDIA Corporation\PhysX\Common;C:\Program Files\NVIDIA Corporation\NVIDIA NvDLISR;C:\WINDOWS\system32;C:\WINDOWS;C:\WINDOWS\System32\Wbem;C:\WINDOWS\System32\WindowsPowerShell\v1.0\;C:\WINDOWS\System32\OpenSSH\;C:\Program Files\Git\cmd;C:\Users\garap\Downloads\apache-maven-3.9.5-bin\apache-maven-3.9.5\bin;;C:\Program Files\Docker\Docker\resources\bin;C:\Users\garap\AppData\Local\Microsoft\WindowsApps;C:\Users\garap\AppData\Roaming\TinyTeX\bin\win32;C:\Users\garap\AppData\Local\Programs\Microsoft VS Code\bin;C:\msys64\mingw64\bin;C:\Users\garap\AppData\Local\GitHubDesktop\bin;C:\Users\garap\Downloads\apache-maven-3.9.5-bin\apache-maven-3.9.5\bin;;."/>
    <property name="java.vendor" value="Oracle Corporation"/>
    <property name="java.vm.info" value="mixed mode"/>
    <property name="java.vm.version" value="11.0.15.1+2-LTS-10"/>
    <property name="sun.io.unicode.encoding" value="UnicodeLittle"/>
    <property name="java.class.version" value="55.0"/>
  </properties>
  <testcase name="testAlienCollision" classname="PixelPioneers.ModelTest" time="0.757"/>
  <testcase name="testGameInitialization" classname="PixelPioneers.ModelTest" time="0.019"/>
  <testcase name="testWinningGame" classname="PixelPioneers.ModelTest" time="0.017">
    <failure message="Game should be won after collecting all pellets and reaching end tile" type="java.lang.AssertionError">java.lang.AssertionError: Game should be won after collecting all pellets and reaching end tile
	at PixelPioneers.ModelTest.testWinningGame(ModelTest.java:78)
</failure>
  </testcase>
  <testcase name="testCharacterMovement" classname="PixelPioneers.ModelTest" time="0.02"/>
  <testcase name="testCollectingPellet" classname="PixelPioneers.ModelTest" time="0.018"/>
</testsuite>